<?xml version="1.0" encoding="UTF-8"?>
<testng-results ignored="0" total="1" passed="1" failed="0" skipped="0">
  <reporter-output>
  </reporter-output>
  <suite started-at="2021-08-10T12:37:28 IST" name="Default suite" finished-at="2021-08-10T12:37:45 IST" duration-ms="17834">
    <groups>
    </groups>
    <test started-at="2021-08-10T12:37:28 IST" name="Default test" finished-at="2021-08-10T12:37:45 IST" duration-ms="17834">
      <class name="test.practice.Sample">
        <test-method is-config="true" signature="beforeTest()[pri:0, instance:test.practice.Sample@7e9131d5]" started-at="2021-08-10T12:37:28 IST" name="beforeTest" finished-at="2021-08-10T12:37:34 IST" duration-ms="6295" status="PASS">
          <reporter-output>
          </reporter-output>
        </test-method> <!-- beforeTest -->
        <test-method signature="test()[pri:0, instance:test.practice.Sample@7e9131d5]" started-at="2021-08-10T12:37:34 IST" name="test" finished-at="2021-08-10T12:37:45 IST" duration-ms="11481" status="PASS">
          <reporter-output>
          </reporter-output>
        </test-method> <!-- test -->
        <test-method is-config="true" signature="afterMethod()[pri:0, instance:test.practice.Sample@7e9131d5]" started-at="2021-08-10T12:37:45 IST" name="afterMethod" finished-at="2021-08-10T12:37:45 IST" duration-ms="5" status="PASS">
          <reporter-output>
          </reporter-output>
        </test-method> <!-- afterMethod -->
      </class> <!-- test.practice.Sample -->
    </test> <!-- Default test -->
  </suite> <!-- Default suite -->
</testng-results>
