<?xml version="1.0" encoding="UTF-8"?>
<testng-results ignored="0" total="1" passed="1" failed="0" skipped="0">
  <reporter-output>
  </reporter-output>
  <suite started-at="2021-08-06T18:00:59 IST" name="Default suite" finished-at="2021-08-06T18:01:49 IST" duration-ms="49805">
    <groups>
    </groups>
    <test started-at="2021-08-06T18:00:59 IST" name="Default test" finished-at="2021-08-06T18:01:49 IST" duration-ms="49805">
      <class name="test.practice.BaseClass">
        <test-method is-config="true" signature="beforeTest()[pri:0, instance:test.practice.BaseClass@2cdd0d4b]" started-at="2021-08-06T18:00:59 IST" name="beforeTest" finished-at="2021-08-06T18:01:03 IST" duration-ms="3684" status="PASS">
          <reporter-output>
          </reporter-output>
        </test-method> <!-- beforeTest -->
        <test-method signature="test()[pri:0, instance:test.practice.BaseClass@2cdd0d4b]" started-at="2021-08-06T18:01:03 IST" name="test" finished-at="2021-08-06T18:01:49 IST" duration-ms="45966" status="PASS">
          <reporter-output>
          </reporter-output>
        </test-method> <!-- test -->
        <test-method is-config="true" signature="afterMethod()[pri:0, instance:test.practice.BaseClass@2cdd0d4b]" started-at="2021-08-06T18:01:49 IST" name="afterMethod" finished-at="2021-08-06T18:01:49 IST" duration-ms="80" status="PASS">
          <reporter-output>
          </reporter-output>
        </test-method> <!-- afterMethod -->
      </class> <!-- test.practice.BaseClass -->
    </test> <!-- Default test -->
  </suite> <!-- Default suite -->
</testng-results>
